<?xml version="1.0" encoding="UTF-8"?>
<!-- Generated by org.testng.reporters.JUnitReportReporter -->
<testsuite skipped="0" hostname="DESKTOP-RIONQTI" name="ReactJsSanityTest.TC06_FurnitureAddItemToBagTest" tests="2" failures="0" timestamp="2021-03-28T20:35:00 CAT" time="101.285" errors="0">
  <testcase name="furnitureFlow" time="37.469" classname="ReactJsSanityTest.TC06_FurnitureAddItemToBagTest"/>
  <testcase name="addItemToBag" time="63.816" classname="ReactJsSanityTest.TC06_FurnitureAddItemToBagTest"/>
</testsuite> <!-- ReactJsSanityTest.TC06_FurnitureAddItemToBagTest -->
