<?xml version="1.0" encoding="UTF-8"?>
<!-- Generated by org.testng.reporters.JUnitReportReporter -->
<testsuite skipped="0" hostname="DESKTOP-RIONQTI" name="ReactJsSanityTest.TC02_LoginTest" tests="1" failures="0" timestamp="2021-04-06T14:32:09 CAT" time="40.452" errors="0">
  <testcase name="verifyLogin" time="40.452" classname="ReactJsSanityTest.TC02_LoginTest"/>
</testsuite> <!-- ReactJsSanityTest.TC02_LoginTest -->
