<?xml version="1.0" encoding="UTF-8"?>
<!-- Generated by org.testng.reporters.JUnitReportReporter -->
<testsuite skipped="0" hostname="DESKTOP-RIONQTI" name="ReactJsSanityTest.TC18_ContinueShoppingTest" tests="3" failures="0" timestamp="2021-04-04T16:04:04 CAT" time="246.929" errors="0">
  <testcase name="viewBagKidsTest" time="110.399" classname="ReactJsSanityTest.TC18_ContinueShoppingTest"/>
  <testcase name="clearKidsItemsFromBag" time="76.495" classname="ReactJsSanityTest.TC18_ContinueShoppingTest"/>
  <testcase name="continueShpping" time="60.035" classname="ReactJsSanityTest.TC18_ContinueShoppingTest"/>
</testsuite> <!-- ReactJsSanityTest.TC18_ContinueShoppingTest -->
