<?xml version="1.0" encoding="UTF-8"?>
<!-- Generated by org.testng.reporters.JUnitReportReporter -->
<testsuite skipped="0" hostname="DESKTOP-RIONQTI" name="ReactJsSanityTest.TC01_ViewBagTest" tests="2" failures="0" timestamp="2021-04-27T20:28:40 CAT" time="168.946" errors="0">
  <testcase name="viewBagTest" time="104.171" classname="ReactJsSanityTest.TC01_ViewBagTest"/>
  <testcase name="clearItemsFromBag" time="64.775" classname="ReactJsSanityTest.TC01_ViewBagTest"/>
</testsuite> <!-- ReactJsSanityTest.TC01_ViewBagTest -->
