<?xml version="1.0" encoding="UTF-8"?>
<!-- Generated by org.testng.reporters.JUnitReportReporter -->
<testsuite skipped="0" hostname="DESKTOP-RIONQTI" name="ReactJsSanityTest.TC06_TodaysDealTest" tests="1" failures="0" timestamp="2021-04-19T08:23:51 CAT" time="151.522" errors="0">
  <testcase name="todaysDeal" time="151.522" classname="ReactJsSanityTest.TC06_TodaysDealTest"/>
</testsuite> <!-- ReactJsSanityTest.TC06_TodaysDealTest -->
