<?xml version="1.0" encoding="UTF-8"?>
<!-- Generated by org.testng.reporters.JUnitReportReporter -->
<testsuite skipped="0" hostname="DESKTOP-RIONQTI" name="ReactJsSanityTest.TC12_SortAndFilterTest" tests="2" failures="0" timestamp="2021-04-27T20:28:40 CAT" time="205.085" errors="0">
  <testcase name="verifysortAndFilterImages" time="56.621" classname="ReactJsSanityTest.TC12_SortAndFilterTest"/>
  <testcase name="sortAndFilterTest" time="148.464" classname="ReactJsSanityTest.TC12_SortAndFilterTest"/>
</testsuite> <!-- ReactJsSanityTest.TC12_SortAndFilterTest -->
