<?xml version="1.0" encoding="UTF-8"?>
<!-- Generated by org.testng.reporters.JUnitReportReporter -->
<testsuite skipped="0" hostname="DESKTOP-RIONQTI" name="ReactJsSanityTest.TC08_SearchTest" tests="1" failures="0" timestamp="2021-04-01T08:53:15 CAT" time="80.246" errors="0">
  <testcase name="searchUat" time="80.246" classname="ReactJsSanityTest.TC08_SearchTest"/>
</testsuite> <!-- ReactJsSanityTest.TC08_SearchTest -->
