<?xml version="1.0" encoding="UTF-8"?>
<!-- Generated by org.testng.reporters.JUnitReportReporter -->
<testsuite skipped="0" hostname="DESKTOP-RIONQTI" name="ReactJsSanityTest.TC12_RemoveItemsFromBagTest" tests="2" failures="0" timestamp="2021-04-19T08:23:51 CAT" time="213.039" errors="0">
  <testcase name="verifyItemInBag" time="110.760" classname="ReactJsSanityTest.TC12_RemoveItemsFromBagTest"/>
  <testcase name="removeItemsFromBag" time="102.279" classname="ReactJsSanityTest.TC12_RemoveItemsFromBagTest"/>
</testsuite> <!-- ReactJsSanityTest.TC12_RemoveItemsFromBagTest -->
