<?xml version="1.0" encoding="UTF-8"?>
<!-- Generated by org.testng.reporters.JUnitReportReporter -->
<testsuite skipped="0" hostname="DESKTOP-RIONQTI" name="ReactJsSanityTest.TC26_VerifyProductInformationTest" tests="1" failures="0" timestamp="2021-04-19T08:23:51 CAT" time="124.947" errors="0">
  <testcase name="productInformationTest" time="124.947" classname="ReactJsSanityTest.TC26_VerifyProductInformationTest"/>
</testsuite> <!-- ReactJsSanityTest.TC26_VerifyProductInformationTest -->
