<?xml version="1.0" encoding="UTF-8"?>
<!-- Generated by org.testng.reporters.JUnitReportReporter -->
<testsuite skipped="0" hostname="DESKTOP-RIONQTI" name="ReactJsSanityTest.TC04_OurBestOffersForYouShowMeAllTest" tests="1" failures="0" timestamp="2021-04-05T20:34:08 CAT" time="71.059" errors="0">
  <testcase name="ourOffers" time="71.059" classname="ReactJsSanityTest.TC04_OurBestOffersForYouShowMeAllTest"/>
</testsuite> <!-- ReactJsSanityTest.TC04_OurBestOffersForYouShowMeAllTest -->
