<?xml version="1.0" encoding="UTF-8"?>
<!-- Generated by org.testng.reporters.JUnitReportReporter -->
<testsuite skipped="0" hostname="DESKTOP-RIONQTI" name="ReactJsSanityTest.TC09_SitewideBagTest" tests="2" failures="0" timestamp="2021-04-06T07:37:17 CAT" time="168.599" errors="0">
  <testcase name="sitewidePop" time="99.540" classname="ReactJsSanityTest.TC09_SitewideBagTest"/>
  <testcase name="sitewideClean" time="69.059" classname="ReactJsSanityTest.TC09_SitewideBagTest"/>
</testsuite> <!-- ReactJsSanityTest.TC09_SitewideBagTest -->
