<?xml version="1.0" encoding="UTF-8"?>
<!-- Generated by org.testng.reporters.JUnitReportReporter -->
<testsuite skipped="0" hostname="DESKTOP-RIONQTI" name="ReactJsSanityTest.TC09_SitewideBagReminderTest" tests="2" failures="0" timestamp="2021-04-19T08:23:51 CAT" time="215.391" errors="0">
  <testcase name="sitewidePop" time="120.800" classname="ReactJsSanityTest.TC09_SitewideBagReminderTest"/>
  <testcase name="sitewideClean" time="94.591" classname="ReactJsSanityTest.TC09_SitewideBagReminderTest"/>
</testsuite> <!-- ReactJsSanityTest.TC09_SitewideBagReminderTest -->
