<?xml version="1.0" encoding="UTF-8"?>
<!-- Generated by org.testng.reporters.JUnitReportReporter -->
<testsuite skipped="0" hostname="DESKTOP-RIONQTI" name="ReactJsSanityTest.TC12_RemoveItemsFromBagTest" tests="1" failures="0" timestamp="2021-04-04T18:46:48 CAT" time="69.354" errors="0">
  <testcase name="removeItemsFromBag" time="69.354" classname="ReactJsSanityTest.TC12_RemoveItemsFromBagTest"/>
</testsuite> <!-- ReactJsSanityTest.TC12_RemoveItemsFromBagTest -->
