<?xml version="1.0" encoding="UTF-8"?>
<!-- Generated by org.testng.reporters.JUnitReportReporter -->
<testsuite skipped="0" hostname="DESKTOP-RIONQTI" name="ReactJsSanityTest.TC18_ContinueShoppingTest" tests="3" failures="0" timestamp="2021-04-04T15:55:40 CAT" time="233.826" errors="0">
  <testcase name="viewBagKidsTest" time="95.175" classname="ReactJsSanityTest.TC18_ContinueShoppingTest"/>
  <testcase name="clearKidsItemsFromBag" time="77.886" classname="ReactJsSanityTest.TC18_ContinueShoppingTest"/>
  <testcase name="continueShpping" time="60.765" classname="ReactJsSanityTest.TC18_ContinueShoppingTest"/>
</testsuite> <!-- ReactJsSanityTest.TC18_ContinueShoppingTest -->
