<?xml version="1.0" encoding="UTF-8"?>
<!-- Generated by org.testng.reporters.JUnitReportReporter -->
<testsuite skipped="0" hostname="DESKTOP-RIONQTI" name="ReactJsSanityTest.TC09_SendFileEmail" tests="1" failures="0" timestamp="2021-04-01T09:41:25 CAT" time="6.533" errors="0">
  <testcase name="sendEmails" time="6.533" classname="ReactJsSanityTest.TC09_SendFileEmail"/>
</testsuite> <!-- ReactJsSanityTest.TC09_SendFileEmail -->
