<?xml version="1.0" encoding="UTF-8"?>
<!-- Generated by org.testng.reporters.JUnitReportReporter -->
<testsuite skipped="0" hostname="DESKTOP-RIONQTI" name="ReactJsSanityTest.TC05_RegisterNewOnlineProfileTest" tests="1" failures="0" timestamp="2021-04-05T20:34:08 CAT" time="78.366" errors="0">
  <testcase name="registerNewOnline" time="78.366" classname="ReactJsSanityTest.TC05_RegisterNewOnlineProfileTest"/>
</testsuite> <!-- ReactJsSanityTest.TC05_RegisterNewOnlineProfileTest -->
