<?xml version="1.0" encoding="UTF-8"?>
<!-- Generated by org.testng.reporters.JUnitReportReporter -->
<testsuite skipped="0" hostname="DESKTOP-RIONQTI" name="ReactJsSanityTest.TC21_GuestCheckOutNoLoginTest" tests="1" failures="0" timestamp="2021-04-15T09:23:24 CAT" time="93.139" errors="0">
  <testcase name="guestCheckoutNoLoginTest" time="93.139" classname="ReactJsSanityTest.TC21_GuestCheckOutNoLoginTest"/>
</testsuite> <!-- ReactJsSanityTest.TC21_GuestCheckOutNoLoginTest -->
