<?xml version="1.0" encoding="UTF-8"?>
<!-- Generated by org.testng.reporters.JUnitReportReporter -->
<testsuite skipped="0" hostname="DESKTOP-RIONQTI" name="ReactJsSanityTest.TC23_SizeChatShoesTest" tests="1" failures="0" timestamp="2021-04-19T08:23:51 CAT" time="105.795" errors="0">
  <testcase name="verifySizeChatShoesTest" time="105.795" classname="ReactJsSanityTest.TC23_SizeChatShoesTest"/>
</testsuite> <!-- ReactJsSanityTest.TC23_SizeChatShoesTest -->
