<?xml version="1.0" encoding="UTF-8"?>
<!-- Generated by org.testng.reporters.JUnitReportReporter -->
<testsuite skipped="0" hostname="DESKTOP-RIONQTI" name="ReactJsSanityTest.TC08_SearchTest" tests="1" failures="0" timestamp="2021-04-05T20:34:08 CAT" time="78.990" errors="0">
  <testcase name="searchUat" time="78.990" classname="ReactJsSanityTest.TC08_SearchTest"/>
</testsuite> <!-- ReactJsSanityTest.TC08_SearchTest -->
