<?xml version="1.0" encoding="UTF-8"?>
<!-- Generated by org.testng.reporters.JUnitReportReporter -->
<testsuite skipped="0" hostname="DESKTOP-RIONQTI" name="ReactJsSanityTest.TC29_AddSameItemToCartTwiceTest" tests="3" failures="0" timestamp="2021-04-19T08:23:51 CAT" time="341.579" errors="0">
  <testcase name="addSameItemToCartTwiceTest" time="125.594" classname="ReactJsSanityTest.TC29_AddSameItemToCartTwiceTest"/>
  <testcase name="addSameItemToCartAgain" time="122.386" classname="ReactJsSanityTest.TC29_AddSameItemToCartTwiceTest"/>
  <testcase name="verifySameItemAddedTwiceInCart" time="93.599" classname="ReactJsSanityTest.TC29_AddSameItemToCartTwiceTest"/>
</testsuite> <!-- ReactJsSanityTest.TC29_AddSameItemToCartTwiceTest -->
