<?xml version="1.0" encoding="UTF-8"?>
<!-- Generated by org.testng.reporters.JUnitReportReporter -->
<testsuite skipped="0" hostname="DESKTOP-RIONQTI" name="ReactJsSanityTest.TC14_CleanItemsFromBagTest" tests="1" failures="0" timestamp="2021-04-02T18:03:58 CAT" time="76.421" errors="0">
  <testcase name="cleanItemsFromBag" time="76.421" classname="ReactJsSanityTest.TC14_CleanItemsFromBagTest"/>
</testsuite> <!-- ReactJsSanityTest.TC14_CleanItemsFromBagTest -->
