<?xml version="1.0" encoding="UTF-8"?>
<!-- Generated by org.testng.reporters.JUnitReportReporter -->
<testsuite skipped="0" hostname="DESKTOP-RIONQTI" name="ReactJsSanityTest.TC01_LoginTest" tests="1" failures="0" timestamp="2021-04-03T13:39:40 CAT" time="51.504" errors="0">
  <testcase name="verifyLogin" time="51.504" classname="ReactJsSanityTest.TC01_LoginTest"/>
</testsuite> <!-- ReactJsSanityTest.TC01_LoginTest -->
