<?xml version="1.0" encoding="UTF-8"?>
<!-- Generated by org.testng.reporters.JUnitReportReporter -->
<testsuite skipped="0" hostname="DESKTOP-RIONQTI" name="ReactJsSanityTest.TC32_MyProfileTest" tests="2" failures="0" timestamp="2021-04-27T20:28:40 CAT" time="114.312" errors="0">
  <testcase name="verifyImagesOnPage" time="41.069" classname="ReactJsSanityTest.TC32_MyProfileTest"/>
  <testcase name="verifyMyProfileTest" time="73.243" classname="ReactJsSanityTest.TC32_MyProfileTest"/>
</testsuite> <!-- ReactJsSanityTest.TC32_MyProfileTest -->
