<?xml version="1.0" encoding="UTF-8"?>
<!-- Generated by org.testng.reporters.JUnitReportReporter -->
<testsuite skipped="0" hostname="DESKTOP-RIONQTI" name="ReactJsSanityTest.TC11_UpdateQtyTest" tests="1" failures="0" timestamp="2021-04-04T09:23:14 CAT" time="123.543" errors="0">
  <testcase name="updateQtyTest" time="123.543" classname="ReactJsSanityTest.TC11_UpdateQtyTest"/>
</testsuite> <!-- ReactJsSanityTest.TC11_UpdateQtyTest -->
