<?xml version="1.0" encoding="UTF-8"?>
<!-- Generated by org.testng.reporters.JUnitReportReporter -->
<testsuite skipped="0" hostname="DESKTOP-RIONQTI" name="ReactJsSanityTest.TC08_SearchTest" tests="1" failures="0" timestamp="2021-03-28T20:35:00 CAT" time="62.154" errors="0">
  <testcase name="searchUat" time="62.154" classname="ReactJsSanityTest.TC08_SearchTest"/>
</testsuite> <!-- ReactJsSanityTest.TC08_SearchTest -->
