<?xml version="1.0" encoding="UTF-8"?>
<!-- Generated by org.testng.reporters.JUnitReportReporter -->
<testsuite skipped="0" hostname="DESKTOP-RIONQTI" name="ReactJsSanityTest.TC19_StoreLocatorTest" tests="1" failures="0" timestamp="2021-04-17T14:47:08 CAT" time="79.062" errors="0">
  <testcase name="storeLocatorTest" time="79.062" classname="ReactJsSanityTest.TC19_StoreLocatorTest"/>
</testsuite> <!-- ReactJsSanityTest.TC19_StoreLocatorTest -->
