<?xml version="1.0" encoding="UTF-8"?>
<!-- Generated by org.testng.reporters.JUnitReportReporter -->
<testsuite skipped="0" hostname="DESKTOP-RIONQTI" name="ReactJsSanityTest.TC01_ClearItemsFromBagTest" tests="1" failures="0" timestamp="2021-04-03T17:19:44 CAT" time="90.935" errors="0">
  <testcase name="clearItemsFromBag" time="90.935" classname="ReactJsSanityTest.TC01_ClearItemsFromBagTest"/>
</testsuite> <!-- ReactJsSanityTest.TC01_ClearItemsFromBagTest -->
