<?xml version="1.0" encoding="UTF-8"?>
<!-- Generated by org.testng.reporters.JUnitReportReporter -->
<testsuite skipped="0" hostname="DESKTOP-RIONQTI" name="ReactJsSanityTest.TC03_LogOutTest" tests="2" failures="0" timestamp="2021-04-05T20:34:08 CAT" time="132.827" errors="0">
  <testcase name="clogOutUat" time="74.924" classname="ReactJsSanityTest.TC03_LogOutTest"/>
  <testcase name="verifyImages" time="57.903" classname="ReactJsSanityTest.TC03_LogOutTest"/>
</testsuite> <!-- ReactJsSanityTest.TC03_LogOutTest -->
