<?xml version="1.0" encoding="UTF-8"?>
<!-- Generated by org.testng.reporters.JUnitReportReporter -->
<testsuite skipped="0" hostname="DESKTOP-RIONQTI" name="ReactJsSanityTest.TC10_FurnitureAddItemToBagTest" tests="2" failures="0" timestamp="2021-04-05T20:34:08 CAT" time="183.433" errors="0">
  <testcase name="searchFurniture" time="69.465" classname="ReactJsSanityTest.TC10_FurnitureAddItemToBagTest"/>
  <testcase name="addItemToBag" time="113.968" classname="ReactJsSanityTest.TC10_FurnitureAddItemToBagTest"/>
</testsuite> <!-- ReactJsSanityTest.TC10_FurnitureAddItemToBagTest -->
