<?xml version="1.0" encoding="UTF-8"?>
<!-- Generated by org.testng.reporters.JUnitReportReporter -->
<testsuite skipped="0" hostname="DESKTOP-RIONQTI" name="ReactJsSanityTest.TC13_BrandFilterTest" tests="1" failures="0" timestamp="2021-04-03T13:39:40 CAT" time="96.430" errors="0">
  <testcase name="brandFilterTest" time="96.430" classname="ReactJsSanityTest.TC13_BrandFilterTest"/>
</testsuite> <!-- ReactJsSanityTest.TC13_BrandFilterTest -->
