<?xml version="1.0" encoding="UTF-8"?>
<!-- Generated by org.testng.reporters.JUnitReportReporter -->
<testsuite skipped="0" hostname="DESKTOP-RIONQTI" name="ReactJsSanityTest.TC15_CleanItemsFromBagTest" tests="1" failures="0" timestamp="2021-04-17T14:47:08 CAT" time="110.729" errors="0">
  <testcase name="cleanItemsFromBag" time="110.729" classname="ReactJsSanityTest.TC15_CleanItemsFromBagTest"/>
</testsuite> <!-- ReactJsSanityTest.TC15_CleanItemsFromBagTest -->
