<?xml version="1.0" encoding="UTF-8"?>
<!-- Generated by org.testng.reporters.JUnitReportReporter -->
<testsuite skipped="0" hostname="DESKTOP-RIONQTI" name="ReactJsSanityTest.TC02_LoginWithYourOnlineProfileTest" tests="1" failures="0" timestamp="2021-04-27T20:28:40 CAT" time="52.645" errors="0">
  <testcase name="verifyLogin" time="52.645" classname="ReactJsSanityTest.TC02_LoginWithYourOnlineProfileTest"/>
</testsuite> <!-- ReactJsSanityTest.TC02_LoginWithYourOnlineProfileTest -->
