<?xml version="1.0" encoding="UTF-8"?>
<!-- Generated by org.testng.reporters.JUnitReportReporter -->
<testsuite skipped="0" hostname="DESKTOP-RIONQTI" name="ReactJsSanityTest.TC19_StoreLocatorTest" tests="1" failures="0" timestamp="2021-04-19T08:23:51 CAT" time="73.037" errors="0">
  <testcase name="storeLocatorTest" time="73.037" classname="ReactJsSanityTest.TC19_StoreLocatorTest"/>
</testsuite> <!-- ReactJsSanityTest.TC19_StoreLocatorTest -->
