<?xml version="1.0" encoding="UTF-8"?>
<!-- Generated by org.testng.reporters.JUnitReportReporter -->
<testsuite skipped="0" hostname="DESKTOP-RIONQTI" name="ReactJsSanityTest.TC15_VerifyItemsInBagTest" tests="1" failures="0" timestamp="2021-04-19T08:23:51 CAT" time="113.446" errors="0">
  <testcase name="verifyItemsInBag" time="113.446" classname="ReactJsSanityTest.TC15_VerifyItemsInBagTest"/>
</testsuite> <!-- ReactJsSanityTest.TC15_VerifyItemsInBagTest -->
