<?xml version="1.0" encoding="UTF-8"?>
<!-- Generated by org.testng.reporters.JUnitReportReporter -->
<testsuite skipped="0" hostname="DESKTOP-RIONQTI" name="ReactJsSanityTest.TC30_LoginWithFacebookTest" tests="1" failures="0" timestamp="2021-04-27T20:28:40 CAT" time="49.368" errors="0">
  <testcase name="loginViaFacebookTest" time="49.368" classname="ReactJsSanityTest.TC30_LoginWithFacebookTest"/>
</testsuite> <!-- ReactJsSanityTest.TC30_LoginWithFacebookTest -->
