<?xml version="1.0" encoding="UTF-8"?>
<!-- Generated by org.testng.reporters.JUnitReportReporter -->
<testsuite skipped="0" hostname="DESKTOP-RIONQTI" name="ReactJsSanityTest.TC03_OurBestOffersForYouShowMeAllTest" tests="1" failures="0" timestamp="2021-04-01T15:14:00 CAT" time="60.255" errors="0">
  <testcase name="ourOffers" time="60.255" classname="ReactJsSanityTest.TC03_OurBestOffersForYouShowMeAllTest"/>
</testsuite> <!-- ReactJsSanityTest.TC03_OurBestOffersForYouShowMeAllTest -->
