<?xml version="1.0" encoding="UTF-8"?>
<!-- Generated by org.testng.reporters.JUnitReportReporter -->
<testsuite skipped="0" hostname="DESKTOP-RIONQTI" name="ReactJsSanityTest.TC29_AddSameItemToCartTwiceTest" tests="3" failures="0" timestamp="2021-04-27T20:28:40 CAT" time="263.309" errors="0">
  <testcase name="addSameItemToCartTwiceTest" time="98.281" classname="ReactJsSanityTest.TC29_AddSameItemToCartTwiceTest"/>
  <testcase name="addSameItemToCartAgain" time="96.057" classname="ReactJsSanityTest.TC29_AddSameItemToCartTwiceTest"/>
  <testcase name="verifySameItemAddedTwiceInCart" time="68.971" classname="ReactJsSanityTest.TC29_AddSameItemToCartTwiceTest"/>
</testsuite> <!-- ReactJsSanityTest.TC29_AddSameItemToCartTwiceTest -->
