<?xml version="1.0" encoding="UTF-8"?>
<!-- Generated by org.testng.reporters.JUnitReportReporter -->
<testsuite skipped="0" hostname="DESKTOP-RIONQTI" name="ReactJsSanityTest.TC34_MyAddressTest" tests="2" failures="0" timestamp="2021-04-27T20:28:40 CAT" time="115.596" errors="0">
  <testcase name="verifyImagesOnPage" time="48.078" classname="ReactJsSanityTest.TC34_MyAddressTest"/>
  <testcase name="verifyMyAddressTest" time="67.518" classname="ReactJsSanityTest.TC34_MyAddressTest"/>
</testsuite> <!-- ReactJsSanityTest.TC34_MyAddressTest -->
