<?xml version="1.0" encoding="UTF-8"?>
<!-- Generated by org.testng.reporters.JUnitReportReporter -->
<testsuite skipped="0" hostname="DESKTOP-RIONQTI" name="ReactJsSanityTest.TC10_UpdateQtyTest" tests="1" failures="0" timestamp="2021-04-02T11:03:54 CAT" time="131.178" errors="0">
  <testcase name="updateQtyTest" time="131.178" classname="ReactJsSanityTest.TC10_UpdateQtyTest"/>
</testsuite> <!-- ReactJsSanityTest.TC10_UpdateQtyTest -->
