<?xml version="1.0" encoding="UTF-8"?>
<!-- Generated by org.testng.reporters.JUnitReportReporter -->
<testsuite skipped="0" hostname="DESKTOP-RIONQTI" name="ReactJsSanityTest.TC12_BrandFilterTest" tests="1" failures="0" timestamp="2021-04-02T11:58:56 CAT" time="89.881" errors="0">
  <testcase name="removeItemsFromBag" time="89.881" classname="ReactJsSanityTest.TC12_BrandFilterTest"/>
</testsuite> <!-- ReactJsSanityTest.TC12_BrandFilterTest -->
