<?xml version="1.0" encoding="UTF-8"?>
<!-- Generated by org.testng.reporters.JUnitReportReporter -->
<testsuite skipped="0" hostname="DESKTOP-RIONQTI" name="ReactJsSanityTest.TC05_ReactJsCheckOutTest" tests="2" failures="0" timestamp="2021-03-27T14:11:29 CAT" time="101.613" errors="0">
  <testcase name="launchApplication" time="43.286" classname="ReactJsSanityTest.TC05_ReactJsCheckOutTest"/>
  <testcase name="checkOutFlow" time="58.327" classname="ReactJsSanityTest.TC05_ReactJsCheckOutTest"/>
</testsuite> <!-- ReactJsSanityTest.TC05_ReactJsCheckOutTest -->
