<?xml version="1.0" encoding="UTF-8"?>
<!-- Generated by org.testng.reporters.JUnitReportReporter -->
<testsuite skipped="0" hostname="DESKTOP-RIONQTI" name="ReactJsSanityTest.TC01_ViewBagTest" tests="2" failures="0" timestamp="2021-04-19T08:23:51 CAT" time="202.810" errors="0">
  <testcase name="viewBagTest" time="123.864" classname="ReactJsSanityTest.TC01_ViewBagTest"/>
  <testcase name="clearItemsFromBag" time="78.946" classname="ReactJsSanityTest.TC01_ViewBagTest"/>
</testsuite> <!-- ReactJsSanityTest.TC01_ViewBagTest -->
