<?xml version="1.0" encoding="UTF-8"?>
<!-- Generated by org.testng.reporters.JUnitReportReporter -->
<testsuite skipped="0" hostname="DESKTOP-RIONQTI" name="ReactJsSanityTest.TC17_InstallmentCalcTest" tests="1" failures="0" timestamp="2021-04-04T09:23:14 CAT" time="91.333" errors="0">
  <testcase name="quickView" time="91.333" classname="ReactJsSanityTest.TC17_InstallmentCalcTest"/>
</testsuite> <!-- ReactJsSanityTest.TC17_InstallmentCalcTest -->
