<?xml version="1.0" encoding="UTF-8"?>
<!-- Generated by org.testng.reporters.JUnitReportReporter -->
<testsuite skipped="0" hostname="DESKTOP-RIONQTI" name="ReactJsSanityTest.TC04_RegisterNewOnlineProfileTest" tests="1" failures="0" timestamp="2021-03-28T20:35:00 CAT" time="55.890" errors="0">
  <testcase name="registerNewOnline" time="55.890" classname="ReactJsSanityTest.TC04_RegisterNewOnlineProfileTest"/>
</testsuite> <!-- ReactJsSanityTest.TC04_RegisterNewOnlineProfileTest -->
