<?xml version="1.0" encoding="UTF-8"?>
<!-- Generated by org.testng.reporters.JUnitReportReporter -->
<testsuite skipped="0" hostname="DESKTOP-RIONQTI" name="ReactJsSanityTest.TC12_RemoveItemsFromBagTest" tests="1" failures="0" timestamp="2021-04-07T08:14:38 CAT" time="67.838" errors="0">
  <testcase name="removeItemsFromBag" time="67.838" classname="ReactJsSanityTest.TC12_RemoveItemsFromBagTest"/>
</testsuite> <!-- ReactJsSanityTest.TC12_RemoveItemsFromBagTest -->
