<?xml version="1.0" encoding="UTF-8"?>
<!-- Generated by org.testng.reporters.JUnitReportReporter -->
<testsuite skipped="0" hostname="DESKTOP-RIONQTI" name="ReactJsSanityTest.TC11_UpdateQtyTest" tests="2" failures="0" timestamp="2021-04-27T20:28:40 CAT" time="197.638" errors="0">
  <testcase name="updateQtyTest" time="133.393" classname="ReactJsSanityTest.TC11_UpdateQtyTest"/>
  <testcase name="verifyQty" time="64.245" classname="ReactJsSanityTest.TC11_UpdateQtyTest"/>
</testsuite> <!-- ReactJsSanityTest.TC11_UpdateQtyTest -->
