<?xml version="1.0" encoding="UTF-8"?>
<!-- Generated by org.testng.reporters.JUnitReportReporter -->
<testsuite skipped="0" hostname="DESKTOP-RIONQTI" name="ReactJsSanityTest.TC33_MyAccountTest" tests="2" failures="0" timestamp="2021-04-27T20:28:40 CAT" time="103.141" errors="0">
  <testcase name="verifyImagesOnPage" time="42.686" classname="ReactJsSanityTest.TC33_MyAccountTest"/>
  <testcase name="verifyMyAccountTest" time="60.455" classname="ReactJsSanityTest.TC33_MyAccountTest"/>
</testsuite> <!-- ReactJsSanityTest.TC33_MyAccountTest -->
