<?xml version="1.0" encoding="UTF-8"?>
<!-- Generated by org.testng.reporters.JUnitReportReporter -->
<testsuite skipped="0" hostname="DESKTOP-RIONQTI" name="ReactJsSanityTest.TC27_ProductDeliveryInformationTest" tests="3" failures="0" timestamp="2021-04-19T08:23:51 CAT" time="314.126" errors="0">
  <testcase name="productInDeliveryformationTest" time="104.767" classname="ReactJsSanityTest.TC27_ProductDeliveryInformationTest"/>
  <testcase name="paymentOptionsTest" time="107.708" classname="ReactJsSanityTest.TC27_ProductDeliveryInformationTest"/>
  <testcase name="returnsInformationTest" time="101.651" classname="ReactJsSanityTest.TC27_ProductDeliveryInformationTest"/>
</testsuite> <!-- ReactJsSanityTest.TC27_ProductDeliveryInformationTest -->
