<?xml version="1.0" encoding="UTF-8"?>
<!-- Generated by org.testng.reporters.JUnitReportReporter -->
<testsuite skipped="0" hostname="DESKTOP-RIONQTI" name="ReactJsSanityTest.TC10_FurnitureAddItemToBagTest" tests="2" failures="0" timestamp="2021-04-27T20:28:40 CAT" time="155.397" errors="0">
  <testcase name="searchFurniture" time="56.018" classname="ReactJsSanityTest.TC10_FurnitureAddItemToBagTest"/>
  <testcase name="addItemToBag" time="99.379" classname="ReactJsSanityTest.TC10_FurnitureAddItemToBagTest"/>
</testsuite> <!-- ReactJsSanityTest.TC10_FurnitureAddItemToBagTest -->
