<?xml version="1.0" encoding="UTF-8"?>
<!-- Generated by org.testng.reporters.JUnitReportReporter -->
<testsuite skipped="0" hostname="DESKTOP-RIONQTI" name="ReactJsSanityTest.TC11_UpdateQtyTest" tests="1" failures="0" timestamp="2021-04-05T20:34:08 CAT" time="136.096" errors="0">
  <testcase name="updateQtyTest" time="136.096" classname="ReactJsSanityTest.TC11_UpdateQtyTest"/>
</testsuite> <!-- ReactJsSanityTest.TC11_UpdateQtyTest -->
