<?xml version="1.0" encoding="UTF-8"?>
<!-- Generated by org.testng.reporters.JUnitReportReporter -->
<testsuite skipped="0" hostname="DESKTOP-RIONQTI" name="ReactJsSanityTest.TC20_CancelOrderTest" tests="1" failures="0" timestamp="2021-04-17T14:47:08 CAT" time="75.079" errors="0">
  <testcase name="orderCancelTest" time="75.079" classname="ReactJsSanityTest.TC20_CancelOrderTest"/>
</testsuite> <!-- ReactJsSanityTest.TC20_CancelOrderTest -->
