<?xml version="1.0" encoding="UTF-8"?>
<!-- Generated by org.testng.reporters.JUnitReportReporter -->
<testsuite skipped="0" hostname="DESKTOP-RIONQTI" name="ReactJsSanityTest.TC19_StoreLocatorTest" tests="2" failures="0" timestamp="2021-04-27T20:28:40 CAT" time="101.055" errors="0">
  <testcase name="verifyImagesOnStoreLocatorPage" time="40.704" classname="ReactJsSanityTest.TC19_StoreLocatorTest"/>
  <testcase name="storeLocatorTest" time="60.351" classname="ReactJsSanityTest.TC19_StoreLocatorTest"/>
</testsuite> <!-- ReactJsSanityTest.TC19_StoreLocatorTest -->
