<?xml version="1.0" encoding="UTF-8"?>
<!-- Generated by org.testng.reporters.JUnitReportReporter -->
<testsuite skipped="0" hostname="DESKTOP-RIONQTI" name="ReactJsSanityTest.TC01_ViewBagTest" tests="2" failures="0" timestamp="2021-04-08T08:03:59 CAT" time="137.812" errors="0">
  <testcase name="viewBagTest" time="82.834" classname="ReactJsSanityTest.TC01_ViewBagTest"/>
  <testcase name="clearItemsFromBag" time="54.978" classname="ReactJsSanityTest.TC01_ViewBagTest"/>
</testsuite> <!-- ReactJsSanityTest.TC01_ViewBagTest -->
