<?xml version="1.0" encoding="UTF-8"?>
<!-- Generated by org.testng.reporters.JUnitReportReporter -->
<testsuite skipped="0" hostname="DESKTOP-RIONQTI" name="ReactJsSanityTest.TC06_FurnitureAddItemToBagTest" tests="2" failures="0" timestamp="2021-04-01T15:41:13 CAT" time="180.445" errors="0">
  <testcase name="hddItemToBag" time="113.512" classname="ReactJsSanityTest.TC06_FurnitureAddItemToBagTest"/>
  <testcase name="furnitureFlow" time="66.933" classname="ReactJsSanityTest.TC06_FurnitureAddItemToBagTest"/>
</testsuite> <!-- ReactJsSanityTest.TC06_FurnitureAddItemToBagTest -->
