<?xml version="1.0" encoding="UTF-8"?>
<!-- Generated by org.testng.reporters.JUnitReportReporter -->
<testsuite skipped="0" hostname="DESKTOP-RIONQTI" name="ReactJsSanityTest.TC17_InstallmentCalcTest" tests="1" failures="0" timestamp="2021-04-05T20:34:08 CAT" time="92.576" errors="0">
  <testcase name="quickView" time="92.576" classname="ReactJsSanityTest.TC17_InstallmentCalcTest"/>
</testsuite> <!-- ReactJsSanityTest.TC17_InstallmentCalcTest -->
