<?xml version="1.0" encoding="UTF-8"?>
<!-- Generated by org.testng.reporters.JUnitReportReporter -->
<testsuite skipped="0" hostname="DESKTOP-RIONQTI" name="ReactJsSanityTest.TC08_SearchWithProductNameTest" tests="2" failures="0" timestamp="2021-04-27T20:28:40 CAT" time="110.081" errors="0">
  <testcase name="verifyImagesOnSearchPage" time="44.934" classname="ReactJsSanityTest.TC08_SearchWithProductNameTest"/>
  <testcase name="searchUat" time="65.147" classname="ReactJsSanityTest.TC08_SearchWithProductNameTest"/>
</testsuite> <!-- ReactJsSanityTest.TC08_SearchWithProductNameTest -->
