<?xml version="1.0" encoding="UTF-8"?>
<!-- Generated by org.testng.reporters.JUnitReportReporter -->
<testsuite skipped="0" hostname="DESKTOP-RIONQTI" name="ReactJsSanityTest.TC22_GuestCheck_E2ETest" tests="1" failures="0" timestamp="2021-04-21T13:10:17 CAT" time="235.732" errors="0">
  <testcase name="guestCheckOutE2ETest" time="235.732" classname="ReactJsSanityTest.TC22_GuestCheck_E2ETest"/>
</testsuite> <!-- ReactJsSanityTest.TC22_GuestCheck_E2ETest -->
