<?xml version="1.0" encoding="UTF-8"?>
<!-- Generated by org.testng.reporters.JUnitReportReporter -->
<testsuite skipped="0" hostname="DESKTOP-RIONQTI" name="ReactJsSanityTest.TC06_TodaysDealTest" tests="2" failures="0" timestamp="2021-04-27T20:28:40 CAT" time="87.175" errors="0">
  <testcase name="verifyImagesOnTodaysDealPage" time="43.515" classname="ReactJsSanityTest.TC06_TodaysDealTest"/>
  <testcase name="todaysDeal" time="43.660" classname="ReactJsSanityTest.TC06_TodaysDealTest"/>
</testsuite> <!-- ReactJsSanityTest.TC06_TodaysDealTest -->
