<?xml version="1.0" encoding="UTF-8"?>
<!-- Generated by org.testng.reporters.JUnitReportReporter -->
<testsuite skipped="0" hostname="DESKTOP-RIONQTI" name="ReactJsSanityTest.TC01_AddItemToWishList" tests="3" failures="0" timestamp="2021-03-18T09:46:58 CAT" time="138.736" errors="0">
  <testcase name="loginApplication" time="58.750" classname="ReactJsSanityTest.TC01_AddItemToWishList"/>
  <testcase name="addItemToBag" time="58.362" classname="ReactJsSanityTest.TC01_AddItemToWishList"/>
  <testcase name="addItemToWishList" time="21.624" classname="ReactJsSanityTest.TC01_AddItemToWishList"/>
</testsuite> <!-- ReactJsSanityTest.TC01_AddItemToWishList -->
