<?xml version="1.0" encoding="UTF-8"?>
<!-- Generated by org.testng.reporters.JUnitReportReporter -->
<testsuite skipped="0" hostname="DESKTOP-RIONQTI" name="ReactJsSanityTest.TC02_LogOutTest" tests="2" failures="0" timestamp="2021-04-01T15:12:45 CAT" time="116.453" errors="0">
  <testcase name="verifyImages" time="40.896" classname="ReactJsSanityTest.TC02_LogOutTest"/>
  <testcase name="clogOutUat" time="75.557" classname="ReactJsSanityTest.TC02_LogOutTest"/>
</testsuite> <!-- ReactJsSanityTest.TC02_LogOutTest -->
