<?xml version="1.0" encoding="UTF-8"?>
<!-- Generated by org.testng.reporters.JUnitReportReporter -->
<testsuite skipped="0" hostname="DESKTOP-RIONQTI" name="ReactJsSanityTest.TC17_InstallmentCalcTest" tests="1" failures="0" timestamp="2021-04-19T08:23:51 CAT" time="106.225" errors="0">
  <testcase name="installmentCalcTest" time="106.225" classname="ReactJsSanityTest.TC17_InstallmentCalcTest"/>
</testsuite> <!-- ReactJsSanityTest.TC17_InstallmentCalcTest -->
