<?xml version="1.0" encoding="UTF-8"?>
<!-- Generated by org.testng.reporters.JUnitReportReporter -->
<testsuite skipped="0" hostname="DESKTOP-RIONQTI" name="ReactJsSanityTest.TC01_ReactJsLoginTest" tests="2" failures="0" timestamp="2021-03-17T21:49:14 CAT" time="74.352" errors="0">
  <testcase name="addItemToBag" time="58.875" classname="ReactJsSanityTest.TC01_ReactJsLoginTest"/>
  <testcase name="addItemToWishList" time="15.477" classname="ReactJsSanityTest.TC01_ReactJsLoginTest"/>
</testsuite> <!-- ReactJsSanityTest.TC01_ReactJsLoginTest -->
