<?xml version="1.0" encoding="UTF-8"?>
<!-- Generated by org.testng.reporters.JUnitReportReporter -->
<testsuite skipped="0" hostname="DESKTOP-RIONQTI" name="ReactJsSanityTest.TC13_PargoPickupPoint_E2ETest" tests="1" failures="0" timestamp="2021-04-21T17:43:59 CAT" time="175.159" errors="0">
  <testcase name="pargoTest" time="175.159" classname="ReactJsSanityTest.TC13_PargoPickupPoint_E2ETest"/>
</testsuite> <!-- ReactJsSanityTest.TC13_PargoPickupPoint_E2ETest -->
