<?xml version="1.0" encoding="UTF-8"?>
<!-- Generated by org.testng.reporters.JUnitReportReporter -->
<testsuite skipped="0" hostname="DESKTOP-RIONQTI" name="ReactJsSanityTest.TC01_ViewBagTest" tests="2" failures="0" timestamp="2021-04-04T16:09:44 CAT" time="169.080" errors="0">
  <testcase name="viewBagTest" time="100.437" classname="ReactJsSanityTest.TC01_ViewBagTest"/>
  <testcase name="clearItemsFromBag" time="68.643" classname="ReactJsSanityTest.TC01_ViewBagTest"/>
</testsuite> <!-- ReactJsSanityTest.TC01_ViewBagTest -->
