<?xml version="1.0" encoding="UTF-8"?>
<!-- Generated by org.testng.reporters.JUnitReportReporter -->
<testsuite skipped="0" hostname="DESKTOP-RIONQTI" name="ReactJsSanityTest.TC28_MyAccountVerifyWishListTest" tests="2" failures="0" timestamp="2021-04-27T20:28:40 CAT" time="170.335" errors="0">
  <testcase name="verifyWishListTest" time="94.361" classname="ReactJsSanityTest.TC28_MyAccountVerifyWishListTest"/>
  <testcase name="removeItemFromWishListTest" time="75.974" classname="ReactJsSanityTest.TC28_MyAccountVerifyWishListTest"/>
</testsuite> <!-- ReactJsSanityTest.TC28_MyAccountVerifyWishListTest -->
