<?xml version="1.0" encoding="UTF-8"?>
<!-- Generated by org.testng.reporters.JUnitReportReporter -->
<testsuite skipped="0" hostname="DESKTOP-RIONQTI" name="ReactJsSanityTest.TC22_GuestCheck_E2ETest" tests="1" failures="0" timestamp="2021-04-17T14:47:08 CAT" time="251.961" errors="0">
  <testcase name="guestCheckOutE2ETest" time="251.961" classname="ReactJsSanityTest.TC22_GuestCheck_E2ETest"/>
</testsuite> <!-- ReactJsSanityTest.TC22_GuestCheck_E2ETest -->
