<?xml version="1.0" encoding="UTF-8"?>
<!-- Generated by org.testng.reporters.JUnitReportReporter -->
<testsuite skipped="0" hostname="DESKTOP-RIONQTI" name="ReactJsSanityTest.TC14_BrandFilterTest" tests="1" failures="0" timestamp="2021-04-19T08:23:51 CAT" time="104.809" errors="0">
  <testcase name="brandFilterTest" time="104.809" classname="ReactJsSanityTest.TC14_BrandFilterTest"/>
</testsuite> <!-- ReactJsSanityTest.TC14_BrandFilterTest -->
