<?xml version="1.0" encoding="UTF-8"?>
<!-- Generated by org.testng.reporters.JUnitReportReporter -->
<testsuite skipped="0" hostname="DESKTOP-RIONQTI" name="ReactJsSanityTest.TC09_SitewideBagTest" tests="2" failures="0" timestamp="2021-04-17T17:20:55 CAT" time="172.116" errors="0">
  <testcase name="sitewidePop" time="94.336" classname="ReactJsSanityTest.TC09_SitewideBagTest"/>
  <testcase name="sitewideClean" time="77.780" classname="ReactJsSanityTest.TC09_SitewideBagTest"/>
</testsuite> <!-- ReactJsSanityTest.TC09_SitewideBagTest -->
