<?xml version="1.0" encoding="UTF-8"?>
<!-- Generated by org.testng.reporters.JUnitReportReporter -->
<testsuite skipped="0" hostname="DESKTOP-RIONQTI" name="ReactJsSanityTest.TC15_CleanItemsFromBagTest" tests="1" failures="0" timestamp="2021-04-04T19:27:37 CAT" time="112.457" errors="0">
  <testcase name="cleanItemsFromBag" time="112.457" classname="ReactJsSanityTest.TC15_CleanItemsFromBagTest"/>
</testsuite> <!-- ReactJsSanityTest.TC15_CleanItemsFromBagTest -->
