<?xml version="1.0" encoding="UTF-8"?>
<!-- Generated by org.testng.reporters.JUnitReportReporter -->
<testsuite skipped="0" hostname="DESKTOP-RIONQTI" name="ReactJsSanityTest.TC06_TodaysDealTest" tests="1" failures="0" timestamp="2021-04-17T14:47:08 CAT" time="140.882" errors="0">
  <testcase name="todaysDeal" time="140.882" classname="ReactJsSanityTest.TC06_TodaysDealTest"/>
</testsuite> <!-- ReactJsSanityTest.TC06_TodaysDealTest -->
