<?xml version="1.0" encoding="UTF-8"?>
<!-- Generated by org.testng.reporters.JUnitReportReporter -->
<testsuite skipped="0" hostname="DESKTOP-RIONQTI" name="ReactJsSanityTest.TC35_MyRewardsTest" tests="2" failures="0" timestamp="2021-04-27T20:28:40 CAT" time="104.145" errors="0">
  <testcase name="verifyImagesOnPage" time="39.247" classname="ReactJsSanityTest.TC35_MyRewardsTest"/>
  <testcase name="verifyMyRewardsTest" time="64.898" classname="ReactJsSanityTest.TC35_MyRewardsTest"/>
</testsuite> <!-- ReactJsSanityTest.TC35_MyRewardsTest -->
