<?xml version="1.0" encoding="UTF-8"?>
<!-- Generated by org.testng.reporters.JUnitReportReporter -->
<testsuite skipped="0" hostname="DESKTOP-RIONQTI" name="ReactJsSanityTest.TC14_BrandFilterTest" tests="2" failures="0" timestamp="2021-04-27T20:28:40 CAT" time="137.194" errors="0">
  <testcase name="verifyImagesOnBrandFilterPage" time="51.032" classname="ReactJsSanityTest.TC14_BrandFilterTest"/>
  <testcase name="brandFilterTest" time="86.162" classname="ReactJsSanityTest.TC14_BrandFilterTest"/>
</testsuite> <!-- ReactJsSanityTest.TC14_BrandFilterTest -->
