<?xml version="1.0" encoding="UTF-8"?>
<!-- Generated by org.testng.reporters.JUnitReportReporter -->
<testsuite skipped="0" hostname="DESKTOP-RIONQTI" name="ReactJsSanityTest.TC17_InstallmentCalcTest" tests="1" failures="0" timestamp="2021-04-27T20:28:40 CAT" time="102.383" errors="0">
  <testcase name="installmentCalcTest" time="102.383" classname="ReactJsSanityTest.TC17_InstallmentCalcTest"/>
</testsuite> <!-- ReactJsSanityTest.TC17_InstallmentCalcTest -->
