<?xml version="1.0" encoding="UTF-8"?>
<!-- Generated by org.testng.reporters.JUnitReportReporter -->
<testsuite skipped="0" hostname="DESKTOP-RIONQTI" name="ReactJsSanityTest.TC18_ContinueShoppingTest" tests="3" failures="0" timestamp="2021-04-05T20:34:08 CAT" time="243.392" errors="0">
  <testcase name="viewBagKidsTest" time="91.392" classname="ReactJsSanityTest.TC18_ContinueShoppingTest"/>
  <testcase name="clearKidsItemsFromBag" time="77.521" classname="ReactJsSanityTest.TC18_ContinueShoppingTest"/>
  <testcase name="continueShpping" time="74.479" classname="ReactJsSanityTest.TC18_ContinueShoppingTest"/>
</testsuite> <!-- ReactJsSanityTest.TC18_ContinueShoppingTest -->
