<?xml version="1.0" encoding="UTF-8"?>
<!-- Generated by org.testng.reporters.JUnitReportReporter -->
<testsuite skipped="0" hostname="DESKTOP-RIONQTI" name="ReactJsSanityTest.TC10_FurnitureAddItemToBagTest" tests="2" failures="0" timestamp="2021-04-02T09:03:31 CAT" time="171.065" errors="0">
  <testcase name="furnitureFlow" time="59.312" classname="ReactJsSanityTest.TC10_FurnitureAddItemToBagTest"/>
  <testcase name="addItemToBag" time="111.753" classname="ReactJsSanityTest.TC10_FurnitureAddItemToBagTest"/>
</testsuite> <!-- ReactJsSanityTest.TC10_FurnitureAddItemToBagTest -->
