<?xml version="1.0" encoding="UTF-8"?>
<!-- Generated by org.testng.reporters.JUnitReportReporter -->
<testsuite skipped="0" hostname="DESKTOP-RIONQTI" name="ReactJsSanityTest.TC25_AddItemToCartGiftFlowersTest" tests="2" failures="0" timestamp="2021-04-27T20:28:40 CAT" time="149.308" errors="0">
  <testcase name="addItemToCartTest" time="90.002" classname="ReactJsSanityTest.TC25_AddItemToCartGiftFlowersTest"/>
  <testcase name="verifyItemInCart" time="59.306" classname="ReactJsSanityTest.TC25_AddItemToCartGiftFlowersTest"/>
</testsuite> <!-- ReactJsSanityTest.TC25_AddItemToCartGiftFlowersTest -->
