<?xml version="1.0" encoding="UTF-8"?>
<!-- Generated by org.testng.reporters.JUnitReportReporter -->
<testsuite skipped="0" hostname="DESKTOP-RIONQTI" name="ReactJsSanityTest.TC09_SitewideBagTest" tests="1" failures="0" timestamp="2021-04-04T18:45:04 CAT" time="100.042" errors="0">
  <testcase name="sitewidePop" time="100.042" classname="ReactJsSanityTest.TC09_SitewideBagTest"/>
</testsuite> <!-- ReactJsSanityTest.TC09_SitewideBagTest -->
