<?xml version="1.0" encoding="UTF-8"?>
<!-- Generated by org.testng.reporters.JUnitReportReporter -->
<testsuite skipped="0" hostname="DESKTOP-RIONQTI" name="ReactJsSanityTest.TC04_OurBestOffersForYouShowMeAllTest" tests="2" failures="0" timestamp="2021-04-27T20:28:40 CAT" time="86.458" errors="0">
  <testcase name="verifyImagesOnHomePageTest" time="39.765" classname="ReactJsSanityTest.TC04_OurBestOffersForYouShowMeAllTest"/>
  <testcase name="ourOffers" time="46.693" classname="ReactJsSanityTest.TC04_OurBestOffersForYouShowMeAllTest"/>
</testsuite> <!-- ReactJsSanityTest.TC04_OurBestOffersForYouShowMeAllTest -->
