<?xml version="1.0" encoding="UTF-8"?>
<!-- Generated by org.testng.reporters.JUnitReportReporter -->
<testsuite skipped="0" hostname="DESKTOP-RIONQTI" name="ReactJsSanityTest.TC27_ProductDeliveryInformationTest" tests="3" failures="0" timestamp="2021-04-27T20:28:40 CAT" time="265.615" errors="0">
  <testcase name="productDeliveryInformationTest" time="84.151" classname="ReactJsSanityTest.TC27_ProductDeliveryInformationTest"/>
  <testcase name="paymentOptionsTest" time="88.123" classname="ReactJsSanityTest.TC27_ProductDeliveryInformationTest"/>
  <testcase name="returnsInformationTest" time="93.341" classname="ReactJsSanityTest.TC27_ProductDeliveryInformationTest"/>
</testsuite> <!-- ReactJsSanityTest.TC27_ProductDeliveryInformationTest -->
