<?xml version="1.0" encoding="UTF-8"?>
<!-- Generated by org.testng.reporters.JUnitReportReporter -->
<testsuite skipped="0" hostname="DESKTOP-RIONQTI" name="ReactJsSanityTest.TC24_SizeChatClothingTest" tests="1" failures="0" timestamp="2021-04-27T20:28:39 CAT" time="83.247" errors="0">
  <testcase name="verifySizeChatClothingTest" time="83.247" classname="ReactJsSanityTest.TC24_SizeChatClothingTest"/>
</testsuite> <!-- ReactJsSanityTest.TC24_SizeChatClothingTest -->
