<?xml version="1.0" encoding="UTF-8"?>
<!-- Generated by org.testng.reporters.JUnitReportReporter -->
<testsuite skipped="0" hostname="DESKTOP-RIONQTI" name="ReactJsSanityTest.TC24_SizeChatShoesTest" tests="1" failures="0" timestamp="2021-04-17T15:58:25 CAT" time="89.007" errors="0">
  <testcase name="verifySizeChatShoesTest" time="89.007" classname="ReactJsSanityTest.TC24_SizeChatShoesTest"/>
</testsuite> <!-- ReactJsSanityTest.TC24_SizeChatShoesTest -->
