<?xml version="1.0" encoding="UTF-8"?>
<!-- Generated by org.testng.reporters.JUnitReportReporter -->
<testsuite skipped="0" hostname="DESKTOP-RIONQTI" name="ReactJsSanityTest.TC07_FurnitureCollectFromStoreLoggedInUserTest" tests="1" failures="0" timestamp="2021-04-21T21:21:26 CAT" time="188.727" errors="0">
  <testcase name="checkOutFlow" time="188.727" classname="ReactJsSanityTest.TC07_FurnitureCollectFromStoreLoggedInUserTest"/>
</testsuite> <!-- ReactJsSanityTest.TC07_FurnitureCollectFromStoreLoggedInUserTest -->
