<?xml version="1.0" encoding="UTF-8"?>
<!-- Generated by org.testng.reporters.JUnitReportReporter -->
<testsuite skipped="0" hostname="DESKTOP-RIONQTI" name="ReactJsSanityTest.TC23_SizeChatShoesTest" tests="2" failures="0" timestamp="2021-04-27T20:28:39 CAT" time="130.744" errors="0">
  <testcase name="verifyImagesOnSizeChatPage" time="39.408" classname="ReactJsSanityTest.TC23_SizeChatShoesTest"/>
  <testcase name="verifySizeChatShoesTest" time="91.336" classname="ReactJsSanityTest.TC23_SizeChatShoesTest"/>
</testsuite> <!-- ReactJsSanityTest.TC23_SizeChatShoesTest -->
