<?xml version="1.0" encoding="UTF-8"?>
<!-- Generated by org.testng.reporters.JUnitReportReporter -->
<testsuite skipped="0" hostname="DESKTOP-RIONQTI" name="ReactJsSanityTest.TC16_AddItemToWishListTest" tests="1" failures="0" timestamp="2021-04-17T14:47:08 CAT" time="117.542" errors="0">
  <testcase name="wishListTest" time="117.542" classname="ReactJsSanityTest.TC16_AddItemToWishListTest"/>
</testsuite> <!-- ReactJsSanityTest.TC16_AddItemToWishListTest -->
