<?xml version="1.0" encoding="UTF-8"?>
<!-- Generated by org.testng.reporters.JUnitReportReporter -->
<testsuite skipped="0" hostname="DESKTOP-RIONQTI" name="ReactJsSanityTest.TC23_SizeChatClothingTest" tests="1" failures="0" timestamp="2021-04-17T15:28:09 CAT" time="88.620" errors="0">
  <testcase name="verifySizeChatTest" time="88.620" classname="ReactJsSanityTest.TC23_SizeChatClothingTest"/>
</testsuite> <!-- ReactJsSanityTest.TC23_SizeChatClothingTest -->
