<?xml version="1.0" encoding="UTF-8"?>
<!-- Generated by org.testng.reporters.JUnitReportReporter -->
<testsuite skipped="0" hostname="DESKTOP-RIONQTI" name="ReactJsSanityTest.TC12_BrandFilterTest" tests="1" failures="0" timestamp="2021-04-02T12:07:30 CAT" time="97.168" errors="0">
  <testcase name="brandFilterTest" time="97.168" classname="ReactJsSanityTest.TC12_BrandFilterTest"/>
</testsuite> <!-- ReactJsSanityTest.TC12_BrandFilterTest -->
