<?xml version="1.0" encoding="UTF-8"?>
<!-- Generated by org.testng.reporters.JUnitReportReporter -->
<testsuite skipped="0" hostname="DESKTOP-RIONQTI" name="ReactJsSanityTest.TC22_ClothingGuestCheckOutE2ETest" tests="1" failures="0" timestamp="2021-04-21T18:14:15 CAT" time="252.183" errors="0">
  <testcase name="guestCheckOutE2ETest" time="252.183" classname="ReactJsSanityTest.TC22_ClothingGuestCheckOutE2ETest"/>
</testsuite> <!-- ReactJsSanityTest.TC22_ClothingGuestCheckOutE2ETest -->
