<?xml version="1.0" encoding="UTF-8"?>
<!-- Generated by org.testng.reporters.JUnitReportReporter -->
<testsuite skipped="0" hostname="DESKTOP-RIONQTI" name="ReactJsSanityTest.TC16_AddItemToWishListTest" tests="1" failures="0" timestamp="2021-04-27T20:28:39 CAT" time="116.822" errors="0">
  <testcase name="wishListTest" time="116.822" classname="ReactJsSanityTest.TC16_AddItemToWishListTest"/>
</testsuite> <!-- ReactJsSanityTest.TC16_AddItemToWishListTest -->
