<?xml version="1.0" encoding="UTF-8"?>
<!-- Generated by org.testng.reporters.JUnitReportReporter -->
<testsuite skipped="0" hostname="DESKTOP-RIONQTI" name="ReactJsSanityTest.TC21_GuestCheck_ContinueWithoutLoggingInTest" tests="1" failures="0" timestamp="2021-04-19T08:23:51 CAT" time="111.206" errors="0">
  <testcase name="continueWithoutLoggingInTest" time="111.206" classname="ReactJsSanityTest.TC21_GuestCheck_ContinueWithoutLoggingInTest"/>
</testsuite> <!-- ReactJsSanityTest.TC21_GuestCheck_ContinueWithoutLoggingInTest -->
