<?xml version="1.0" encoding="UTF-8"?>
<!-- Generated by org.testng.reporters.JUnitReportReporter -->
<testsuite skipped="0" hostname="DESKTOP-RIONQTI" name="ReactJsSanityTest.TC18_ContinueShoppingTest" tests="3" failures="0" timestamp="2021-04-07T08:14:38 CAT" time="199.873" errors="0">
  <testcase name="viewBagKidsTest" time="81.441" classname="ReactJsSanityTest.TC18_ContinueShoppingTest"/>
  <testcase name="clearKidsItemsFromBag" time="71.105" classname="ReactJsSanityTest.TC18_ContinueShoppingTest"/>
  <testcase name="continueShpping" time="47.327" classname="ReactJsSanityTest.TC18_ContinueShoppingTest"/>
</testsuite> <!-- ReactJsSanityTest.TC18_ContinueShoppingTest -->
