<?xml version="1.0" encoding="UTF-8"?>
<!-- Generated by org.testng.reporters.JUnitReportReporter -->
<testsuite skipped="0" hostname="DESKTOP-RIONQTI" name="ReactJsSanityTest.TC18_ContinueShoppingTest" tests="3" failures="0" timestamp="2021-04-27T20:28:39 CAT" time="220.213" errors="0">
  <testcase name="viewBagKidsTest" time="80.754" classname="ReactJsSanityTest.TC18_ContinueShoppingTest"/>
  <testcase name="clearKidsItemsFromBag" time="70.878" classname="ReactJsSanityTest.TC18_ContinueShoppingTest"/>
  <testcase name="continueShopping" time="68.581" classname="ReactJsSanityTest.TC18_ContinueShoppingTest"/>
</testsuite> <!-- ReactJsSanityTest.TC18_ContinueShoppingTest -->
