<?xml version="1.0" encoding="UTF-8"?>
<!-- Generated by org.testng.reporters.JUnitReportReporter -->
<testsuite skipped="0" hostname="DESKTOP-RIONQTI" name="ReactJsSanityTest.TC04_RegisterNewOnlineProfileTest" tests="1" failures="0" timestamp="2021-04-01T15:15:33 CAT" time="71.491" errors="0">
  <testcase name="registerNewOnline" time="71.491" classname="ReactJsSanityTest.TC04_RegisterNewOnlineProfileTest"/>
</testsuite> <!-- ReactJsSanityTest.TC04_RegisterNewOnlineProfileTest -->
