<?xml version="1.0" encoding="UTF-8"?>
<!-- Generated by org.testng.reporters.JUnitReportReporter -->
<testsuite skipped="0" hostname="DESKTOP-RIONQTI" name="ReactJsSanityTest.TC20_CancelOrderTest" tests="1" failures="0" timestamp="2021-04-19T08:23:51 CAT" time="98.697" errors="0">
  <testcase name="orderCancelTest" time="98.697" classname="ReactJsSanityTest.TC20_CancelOrderTest"/>
</testsuite> <!-- ReactJsSanityTest.TC20_CancelOrderTest -->
