<?xml version="1.0" encoding="UTF-8"?>
<!-- Generated by org.testng.reporters.JUnitReportReporter -->
<testsuite skipped="0" hostname="DESKTOP-RIONQTI" name="ReactJsSanityTest.TC03_LogOutTest" tests="2" failures="0" timestamp="2021-04-17T14:47:08 CAT" time="117.600" errors="0">
  <testcase name="verifyImages" time="45.058" classname="ReactJsSanityTest.TC03_LogOutTest"/>
  <testcase name="logOutUat" time="72.542" classname="ReactJsSanityTest.TC03_LogOutTest"/>
</testsuite> <!-- ReactJsSanityTest.TC03_LogOutTest -->
