<?xml version="1.0" encoding="UTF-8"?>
<!-- Generated by org.testng.reporters.JUnitReportReporter -->
<testsuite skipped="0" hostname="DESKTOP-RIONQTI" name="ReactJsSanityTest.TC28_MyAccountVerifyWishListTest" tests="2" failures="0" timestamp="2021-04-19T08:23:51 CAT" time="221.379" errors="0">
  <testcase name="verifyWishListTest" time="120.305" classname="ReactJsSanityTest.TC28_MyAccountVerifyWishListTest"/>
  <testcase name="removeItemFromWishListTest" time="101.074" classname="ReactJsSanityTest.TC28_MyAccountVerifyWishListTest"/>
</testsuite> <!-- ReactJsSanityTest.TC28_MyAccountVerifyWishListTest -->
