<?xml version="1.0" encoding="UTF-8"?>
<!-- Generated by org.testng.reporters.JUnitReportReporter -->
<testsuite skipped="0" hostname="DESKTOP-RIONQTI" name="ReactJsSanityTest.TC02_LogOutTest" tests="2" failures="0" timestamp="2021-03-28T20:35:00 CAT" time="75.355" errors="0">
  <testcase name="launchReactUat" time="43.865" classname="ReactJsSanityTest.TC02_LogOutTest"/>
  <testcase name="logOutUat" time="31.490" classname="ReactJsSanityTest.TC02_LogOutTest"/>
</testsuite> <!-- ReactJsSanityTest.TC02_LogOutTest -->
