<?xml version="1.0" encoding="UTF-8"?>
<!-- Generated by org.testng.reporters.JUnitReportReporter -->
<testsuite skipped="0" hostname="DESKTOP-RIONQTI" name="ReactJsSanityTest.TC31_AddMultipleItemsToBagTest" tests="4" failures="0" timestamp="2021-04-27T20:28:40 CAT" time="305.307" errors="0">
  <testcase name="addMultipleItemsToBagTest" time="94.179" classname="ReactJsSanityTest.TC31_AddMultipleItemsToBagTest"/>
  <testcase name="addOtherCategoryItemToBag" time="98.587" classname="ReactJsSanityTest.TC31_AddMultipleItemsToBagTest"/>
  <testcase name="verifyMultipleItemsAddedInBag" time="51.985" classname="ReactJsSanityTest.TC31_AddMultipleItemsToBagTest"/>
  <testcase name="validateMultipleItemsAddedInBag" time="60.556" classname="ReactJsSanityTest.TC31_AddMultipleItemsToBagTest"/>
</testsuite> <!-- ReactJsSanityTest.TC31_AddMultipleItemsToBagTest -->
