<?xml version="1.0" encoding="UTF-8"?>
<!-- Generated by org.testng.reporters.JUnitReportReporter -->
<testsuite skipped="0" hostname="DESKTOP-RIONQTI" name="ReactJsSanityTest.TC02_LogOutTest" tests="2" failures="0" timestamp="2021-03-18T17:37:18 CAT" time="110.920" errors="0">
  <testcase name="loginUat" time="77.340" classname="ReactJsSanityTest.TC02_LogOutTest"/>
  <testcase name="logOutUat" time="33.580" classname="ReactJsSanityTest.TC02_LogOutTest"/>
</testsuite> <!-- ReactJsSanityTest.TC02_LogOutTest -->
