<?xml version="1.0" encoding="UTF-8"?>
<!-- Generated by org.testng.reporters.JUnitReportReporter -->
<testsuite skipped="0" hostname="DESKTOP-RIONQTI" name="ReactJsSanityTest.TC38_LoginForgotPasswordTest" tests="2" failures="0" timestamp="2021-04-27T20:28:40 CAT" time="108.074" errors="0">
  <testcase name="verifyImagesOnLoginPage" time="38.080" classname="ReactJsSanityTest.TC38_LoginForgotPasswordTest"/>
  <testcase name="verifyLoginForgotPasswordTest" time="69.994" classname="ReactJsSanityTest.TC38_LoginForgotPasswordTest"/>
</testsuite> <!-- ReactJsSanityTest.TC38_LoginForgotPasswordTest -->
