<?xml version="1.0" encoding="UTF-8"?>
<!-- Generated by org.testng.reporters.JUnitReportReporter -->
<testsuite skipped="0" hostname="DESKTOP-RIONQTI" name="ReactJsSanityTest.TC26_VerifyProductInformationTest" tests="1" failures="0" timestamp="2021-04-27T20:28:40 CAT" time="92.957" errors="0">
  <testcase name="productInformationTest" time="92.957" classname="ReactJsSanityTest.TC26_VerifyProductInformationTest"/>
</testsuite> <!-- ReactJsSanityTest.TC26_VerifyProductInformationTest -->
