<?xml version="1.0" encoding="UTF-8"?>
<!-- Generated by org.testng.reporters.JUnitReportReporter -->
<testsuite skipped="0" hostname="DESKTOP-RIONQTI" name="ReactJsSanityTest.TC03_LogOutTest" tests="2" failures="0" timestamp="2021-04-04T09:23:14 CAT" time="131.066" errors="0">
  <testcase name="clogOutUat" time="77.834" classname="ReactJsSanityTest.TC03_LogOutTest"/>
  <testcase name="verifyImages" time="53.232" classname="ReactJsSanityTest.TC03_LogOutTest"/>
</testsuite> <!-- ReactJsSanityTest.TC03_LogOutTest -->
