<?xml version="1.0" encoding="UTF-8"?>
<!-- Generated by org.testng.reporters.JUnitReportReporter -->
<testsuite skipped="0" hostname="DESKTOP-RIONQTI" name="ReactJsSanityTest.TC02_LoginTest" tests="1" failures="0" timestamp="2021-04-07T08:14:38 CAT" time="51.757" errors="0">
  <testcase name="verifyLogin" time="51.757" classname="ReactJsSanityTest.TC02_LoginTest"/>
</testsuite> <!-- ReactJsSanityTest.TC02_LoginTest -->
