<?xml version="1.0" encoding="UTF-8"?>
<!-- Generated by org.testng.reporters.JUnitReportReporter -->
<testsuite skipped="0" hostname="DESKTOP-RIONQTI" name="ReactJsSanityTest.TC10_FurnitureAddItemToBagTest" tests="2" failures="0" timestamp="2021-04-19T08:23:51 CAT" time="226.002" errors="0">
  <testcase name="searchFurniture" time="84.346" classname="ReactJsSanityTest.TC10_FurnitureAddItemToBagTest"/>
  <testcase name="addItemToBag" time="141.656" classname="ReactJsSanityTest.TC10_FurnitureAddItemToBagTest"/>
</testsuite> <!-- ReactJsSanityTest.TC10_FurnitureAddItemToBagTest -->
