<?xml version="1.0" encoding="UTF-8"?>
<!-- Generated by org.testng.reporters.JUnitReportReporter -->
<testsuite skipped="0" hostname="DESKTOP-RIONQTI" name="ReactJsSanityTest.TC21_GuestContinueWithoutLoggingInTest" tests="1" failures="0" timestamp="2021-04-27T20:28:39 CAT" time="78.184" errors="0">
  <testcase name="continueWithoutLoggingInTest" time="78.184" classname="ReactJsSanityTest.TC21_GuestContinueWithoutLoggingInTest"/>
</testsuite> <!-- ReactJsSanityTest.TC21_GuestContinueWithoutLoggingInTest -->
