<?xml version="1.0" encoding="UTF-8"?>
<!-- Generated by org.testng.reporters.JUnitReportReporter -->
<testsuite skipped="0" hostname="DESKTOP-RIONQTI" name="ReactJsSanityTest.TC08_SearchTest" tests="2" failures="0" timestamp="2021-04-24T06:16:13 CAT" time="88.480" errors="0">
  <testcase name="verifyImagesOnSearchPage" time="33.997" classname="ReactJsSanityTest.TC08_SearchTest"/>
  <testcase name="searchUat" time="54.483" classname="ReactJsSanityTest.TC08_SearchTest"/>
</testsuite> <!-- ReactJsSanityTest.TC08_SearchTest -->
