<?xml version="1.0" encoding="UTF-8"?>
<!-- Generated by org.testng.reporters.JUnitReportReporter -->
<testsuite skipped="0" hostname="DESKTOP-RIONQTI" name="ReactJsSanityTest.TC15_VerifyItemsInBagTest" tests="1" failures="0" timestamp="2021-04-27T20:28:40 CAT" time="100.543" errors="0">
  <testcase name="verifyItemsInBag" time="100.543" classname="ReactJsSanityTest.TC15_VerifyItemsInBagTest"/>
</testsuite> <!-- ReactJsSanityTest.TC15_VerifyItemsInBagTest -->
