<?xml version="1.0" encoding="UTF-8"?>
<!-- Generated by org.testng.reporters.JUnitReportReporter -->
<testsuite skipped="0" hostname="DESKTOP-RIONQTI" name="ReactJsSanityTest.TC02_LogOutTest" tests="2" failures="0" timestamp="2021-04-03T13:39:40 CAT" time="165.851" errors="0">
  <testcase name="clogOutUat" time="94.251" classname="ReactJsSanityTest.TC02_LogOutTest"/>
  <testcase name="verifyImages" time="71.600" classname="ReactJsSanityTest.TC02_LogOutTest"/>
</testsuite> <!-- ReactJsSanityTest.TC02_LogOutTest -->
