<?xml version="1.0" encoding="UTF-8"?>
<!-- Generated by org.testng.reporters.JUnitReportReporter -->
<testsuite hostname="DESKTOP-RIONQTI" name="ReactJsSanityTest.TC03_RegisterNewOnlineProfileTest" tests="1" failures="0" timestamp="20 Mar 2021 10:04:17 GMT" time="55.251" errors="0">
  <testcase name="loginUat" time="55.251" classname="ReactJsSanityTest.TC03_RegisterNewOnlineProfileTest"/>
</testsuite> <!-- ReactJsSanityTest.TC03_RegisterNewOnlineProfileTest -->
