<?xml version="1.0" encoding="UTF-8"?>
<!-- Generated by org.testng.reporters.JUnitReportReporter -->
<testsuite hostname="DESKTOP-RIONQTI" name="ReactJsSanityTest.TC02_LogOutTest" tests="2" failures="0" timestamp="20 Mar 2021 09:26:58 GMT" time="74.790" errors="0">
  <testcase name="launchReactUat" time="43.406" classname="ReactJsSanityTest.TC02_LogOutTest"/>
  <testcase name="logOutUat" time="31.384" classname="ReactJsSanityTest.TC02_LogOutTest"/>
</testsuite> <!-- ReactJsSanityTest.TC02_LogOutTest -->
