<?xml version="1.0" encoding="UTF-8"?>
<!-- Generated by org.testng.reporters.JUnitReportReporter -->
<testsuite hostname="DESKTOP-RIONQTI" name="ReactJsSanityTest.TC01_LoginTest" tests="1" failures="0" timestamp="21 Mar 2021 07:30:29 GMT" time="52.492" errors="0">
  <testcase name="loginUat" time="52.492" classname="ReactJsSanityTest.TC01_LoginTest"/>
</testsuite> <!-- ReactJsSanityTest.TC01_LoginTest -->
