<?xml version="1.0" encoding="UTF-8"?>
<!-- Generated by org.testng.reporters.JUnitReportReporter -->
<testsuite hostname="DESKTOP-RIONQTI" name="ReactJsSanityTest.TC02_LogOutTest" tests="2" failures="0" timestamp="20 Mar 2021 16:07:01 GMT" time="71.712" errors="0">
  <testcase name="logOutUat" time="31.471" classname="ReactJsSanityTest.TC02_LogOutTest"/>
  <testcase name="launchReactUat" time="40.241" classname="ReactJsSanityTest.TC02_LogOutTest"/>
</testsuite> <!-- ReactJsSanityTest.TC02_LogOutTest -->
