<?xml version="1.0" encoding="UTF-8"?>
<!-- Generated by org.testng.reporters.JUnitReportReporter -->
<testsuite hostname="DESKTOP-RIONQTI" name="ReactJsSanityTest.TC02_LogOutTest" tests="2" failures="0" timestamp="18 Mar 2021 20:50:10 GMT" time="70.355" errors="0">
  <testcase name="launchReactUat" time="38.555" classname="ReactJsSanityTest.TC02_LogOutTest"/>
  <testcase name="logOutUat" time="31.800" classname="ReactJsSanityTest.TC02_LogOutTest"/>
</testsuite> <!-- ReactJsSanityTest.TC02_LogOutTest -->
