<?xml version="1.0" encoding="UTF-8"?>
<!-- Generated by org.testng.reporters.JUnitReportReporter -->
<testsuite hostname="DESKTOP-RIONQTI" name="ReactJsSanityTest.TC02_LogOutTest" tests="2" failures="0" timestamp="20 Mar 2021 10:58:44 GMT" time="74.242" errors="0">
  <testcase name="logOutUat" time="31.570" classname="ReactJsSanityTest.TC02_LogOutTest"/>
  <testcase name="launchReactUat" time="42.672" classname="ReactJsSanityTest.TC02_LogOutTest"/>
</testsuite> <!-- ReactJsSanityTest.TC02_LogOutTest -->
