<?xml version="1.0" encoding="UTF-8"?>
<!-- Generated by org.testng.reporters.JUnitReportReporter -->
<testsuite hostname="DESKTOP-RIONQTI" name="ReactJsSanityTest.TC01_LoginTest" tests="1" failures="0" timestamp="20 Mar 2021 09:54:20 GMT" time="41.270" errors="0">
  <testcase name="loginUat" time="41.270" classname="ReactJsSanityTest.TC01_LoginTest"/>
</testsuite> <!-- ReactJsSanityTest.TC01_LoginTest -->
