<?xml version="1.0" encoding="UTF-8"?>
<!-- Generated by org.testng.reporters.JUnitReportReporter -->
<testsuite hostname="DESKTOP-RIONQTI" name="ReactJsSanityTest.TC02_LogOutTest" tests="2" failures="0" timestamp="20 Mar 2021 09:54:20 GMT" time="77.043" errors="0">
  <testcase name="logOutUat" time="31.724" classname="ReactJsSanityTest.TC02_LogOutTest"/>
  <testcase name="launchReactUat" time="45.319" classname="ReactJsSanityTest.TC02_LogOutTest"/>
</testsuite> <!-- ReactJsSanityTest.TC02_LogOutTest -->
