<?xml version="1.0" encoding="UTF-8"?>
<!-- Generated by org.testng.reporters.JUnitReportReporter -->
<testsuite hostname="DESKTOP-RIONQTI" name="ReactJsSanityTest.TC03_RegisterNewOnlineProfileTest" tests="1" failures="0" timestamp="21 Mar 2021 07:30:29 GMT" time="75.933" errors="0">
  <testcase name="loginUat" time="75.933" classname="ReactJsSanityTest.TC03_RegisterNewOnlineProfileTest"/>
</testsuite> <!-- ReactJsSanityTest.TC03_RegisterNewOnlineProfileTest -->
