<?xml version="1.0" encoding="UTF-8"?>
<!-- Generated by org.testng.reporters.JUnitReportReporter -->
<testsuite hostname="DESKTOP-RIONQTI" name="ReactJsSanityTest.TC03_RegisterNewOnlineProfileTest" tests="1" failures="0" timestamp="18 Mar 2021 20:50:10 GMT" time="50.039" errors="0">
  <testcase name="loginUat" time="50.039" classname="ReactJsSanityTest.TC03_RegisterNewOnlineProfileTest"/>
</testsuite> <!-- ReactJsSanityTest.TC03_RegisterNewOnlineProfileTest -->
