<?xml version="1.0" encoding="UTF-8"?>
<!-- Generated by org.testng.reporters.JUnitReportReporter -->
<testsuite hostname="DESKTOP-RIONQTI" name="ReactJsSanityTest.TC02_LogOutTest" tests="2" failures="0" timestamp="21 Mar 2021 07:30:29 GMT" time="81.332" errors="0">
  <testcase name="logOutUat" time="31.831" classname="ReactJsSanityTest.TC02_LogOutTest"/>
  <testcase name="launchReactUat" time="49.501" classname="ReactJsSanityTest.TC02_LogOutTest"/>
</testsuite> <!-- ReactJsSanityTest.TC02_LogOutTest -->
