<?xml version="1.0" encoding="UTF-8"?>
<!-- Generated by org.testng.reporters.JUnitReportReporter -->
<testsuite hostname="DESKTOP-RIONQTI" name="ReactJsSanityTest.TC01_LoginTest" tests="1" failures="0" timestamp="20 Mar 2021 16:07:01 GMT" time="39.781" errors="0">
  <testcase name="loginUat" time="39.781" classname="ReactJsSanityTest.TC01_LoginTest"/>
</testsuite> <!-- ReactJsSanityTest.TC01_LoginTest -->
